<?xml version="1.0" encoding="UTF-8"?>
<!-- Generated by org.testng.reporters.JUnitXMLReporter -->
<testsuite ignored="0" hostname="DESKTOP-HJPDOEK" failures="4" tests="4" name="Test" time="50.031" errors="0" timestamp="2025-12-01T11:31:32 IST">
  <testcase classname="testscript.Logintest" name="verifyGroceryLoginWithValidCredenttials" time="0.797">
    <failure type="java.lang.NoClassDefFoundError" message="org/apache/commons/io/function/IOIterator">
      <![CDATA[java.lang.NoClassDefFoundError: org/apache/commons/io/function/IOIterator
at org.apache.poi.openxml4j.opc.internal.ZipHelper.openZipStream(ZipHelper.java:178)
at org.apache.poi.openxml4j.opc.ZipPackage.<init>(ZipPackage.java:130)
at org.apache.poi.openxml4j.opc.OPCPackage.open(OPCPackage.java:319)
at org.apache.poi.ooxml.util.PackageHelper.open(PackageHelper.java:59)
at org.apache.poi.xssf.usermodel.XSSFWorkbook.<init>(XSSFWorkbook.java:290)
at org.apache.poi.xssf.usermodel.XSSFWorkbook.<init>(XSSFWorkbook.java:286)
at utility.Excelutility.readStringData(Excelutility.java:22)
at testscript.Logintest.verifyGroceryLoginWithValidCredenttials(Logintest.java:18)
at java.base/java.util.ArrayList.forEach(ArrayList.java:1596)
Caused by: java.lang.ClassNotFoundException: org.apache.commons.io.function.IOIterator
at java.base/jdk.internal.loader.BuiltinClassLoader.loadClass(BuiltinClassLoader.java:641)
at java.base/jdk.internal.loader.ClassLoaders$AppClassLoader.loadClass(ClassLoaders.java:188)
at java.base/java.lang.ClassLoader.loadClass(ClassLoader.java:526)
... 34 more
... Removed 25 stack frames]]>
    </failure>
  </testcase> <!-- verifyGroceryLoginWithValidCredenttials -->
  <testcase classname="testscript.Logintest" name="verifyGroceryLoginWithInvalidUsername" time="0.007">
    <failure type="java.lang.NoClassDefFoundError" message="org/apache/commons/io/function/IOIterator">
      <![CDATA[java.lang.NoClassDefFoundError: org/apache/commons/io/function/IOIterator
at org.apache.poi.openxml4j.opc.internal.ZipHelper.openZipStream(ZipHelper.java:178)
at org.apache.poi.openxml4j.opc.ZipPackage.<init>(ZipPackage.java:130)
at org.apache.poi.openxml4j.opc.OPCPackage.open(OPCPackage.java:319)
at org.apache.poi.ooxml.util.PackageHelper.open(PackageHelper.java:59)
at org.apache.poi.xssf.usermodel.XSSFWorkbook.<init>(XSSFWorkbook.java:290)
at org.apache.poi.xssf.usermodel.XSSFWorkbook.<init>(XSSFWorkbook.java:286)
at utility.Excelutility.readStringData(Excelutility.java:22)
at testscript.Logintest.verifyGroceryLoginWithInvalidUsername(Logintest.java:32)
at java.base/java.util.ArrayList.forEach(ArrayList.java:1596)
Caused by: java.lang.ClassNotFoundException: org.apache.commons.io.function.IOIterator
at java.base/jdk.internal.loader.BuiltinClassLoader.loadClass(BuiltinClassLoader.java:641)
at java.base/jdk.internal.loader.ClassLoaders$AppClassLoader.loadClass(ClassLoaders.java:188)
at java.base/java.lang.ClassLoader.loadClass(ClassLoader.java:526)
... 34 more
... Removed 25 stack frames]]>
    </failure>
  </testcase> <!-- verifyGroceryLoginWithInvalidUsername -->
  <testcase classname="testscript.Logintest" name="verifyGroceryLoginWithInvalidPassword" time="0.009">
    <failure type="java.lang.NoClassDefFoundError" message="org/apache/commons/io/function/IOIterator">
      <![CDATA[java.lang.NoClassDefFoundError: org/apache/commons/io/function/IOIterator
at org.apache.poi.openxml4j.opc.internal.ZipHelper.openZipStream(ZipHelper.java:178)
at org.apache.poi.openxml4j.opc.ZipPackage.<init>(ZipPackage.java:130)
at org.apache.poi.openxml4j.opc.OPCPackage.open(OPCPackage.java:319)
at org.apache.poi.ooxml.util.PackageHelper.open(PackageHelper.java:59)
at org.apache.poi.xssf.usermodel.XSSFWorkbook.<init>(XSSFWorkbook.java:290)
at org.apache.poi.xssf.usermodel.XSSFWorkbook.<init>(XSSFWorkbook.java:286)
at utility.Excelutility.readStringData(Excelutility.java:22)
at testscript.Logintest.verifyGroceryLoginWithInvalidPassword(Logintest.java:46)
at java.base/java.util.ArrayList.forEach(ArrayList.java:1596)
Caused by: java.lang.ClassNotFoundException: org.apache.commons.io.function.IOIterator
at java.base/jdk.internal.loader.BuiltinClassLoader.loadClass(BuiltinClassLoader.java:641)
at java.base/jdk.internal.loader.ClassLoaders$AppClassLoader.loadClass(ClassLoaders.java:188)
at java.base/java.lang.ClassLoader.loadClass(ClassLoader.java:526)
... 34 more
... Removed 25 stack frames]]>
    </failure>
  </testcase> <!-- verifyGroceryLoginWithInvalidPassword -->
  <testcase classname="testscript.Logintest" name="verifyGroceryLoginWithInvalidUsernamePassword" time="0.006">
    <failure type="java.lang.NoClassDefFoundError" message="org/apache/commons/io/function/IOIterator">
      <![CDATA[java.lang.NoClassDefFoundError: org/apache/commons/io/function/IOIterator
at org.apache.poi.openxml4j.opc.internal.ZipHelper.openZipStream(ZipHelper.java:178)
at org.apache.poi.openxml4j.opc.ZipPackage.<init>(ZipPackage.java:130)
at org.apache.poi.openxml4j.opc.OPCPackage.open(OPCPackage.java:319)
at org.apache.poi.ooxml.util.PackageHelper.open(PackageHelper.java:59)
at org.apache.poi.xssf.usermodel.XSSFWorkbook.<init>(XSSFWorkbook.java:290)
at org.apache.poi.xssf.usermodel.XSSFWorkbook.<init>(XSSFWorkbook.java:286)
at utility.Excelutility.readStringData(Excelutility.java:22)
at testscript.Logintest.verifyGroceryLoginWithInvalidUsernamePassword(Logintest.java:60)
at java.base/java.util.ArrayList.forEach(ArrayList.java:1596)
Caused by: java.lang.ClassNotFoundException: org.apache.commons.io.function.IOIterator
at java.base/jdk.internal.loader.BuiltinClassLoader.loadClass(BuiltinClassLoader.java:641)
at java.base/jdk.internal.loader.ClassLoaders$AppClassLoader.loadClass(ClassLoaders.java:188)
at java.base/java.lang.ClassLoader.loadClass(ClassLoader.java:526)
... 34 more
... Removed 25 stack frames]]>
    </failure>
  </testcase> <!-- verifyGroceryLoginWithInvalidUsernamePassword -->
</testsuite> <!-- Test -->
